# JRE version: OpenJDK Runtime Environment Temurin-17.0.7+7 (17.0.7+7) (build 17.0.7+7)
# Java VM: OpenJDK 64-Bit Server VM Temurin-17.0.7+7 (17.0.7+7, mixed mode, tiered, compressed oops, compressed class ptrs, parallel gc, linux-amd64)
GC Precious Log:
 CPUs: 4 total, 4 available
 Memory: 7831M
 Large Page Support: Disabled
 NUMA Support: Disabled
 Compressed Oops: Enabled (32-bit)
 Alignments: Space 512K, Generation 512K, Heap 2M
 Heap Min Capacity: 100M
 Heap Initial Capacity: 100M
 Heap Max Capacity: 1G
 Pre-touch: Disabled
 Parallel Workers: 4
Heap:
 PSYoungGen      total 13824K, used 6075K [0x00000000eab00000, 0x00000000ebb00000, 0x0000000100000000)
  eden space 12288K, 37% used [0x00000000eab00000,0x00000000eaf889b0,0x00000000eb700000)
  from space 1536K, 93% used [0x00000000eb980000,0x00000000ebae6410,0x00000000ebb00000)
  to   space 2048K, 0% used [0x00000000eb700000,0x00000000eb700000,0x00000000eb900000)
 ParOldGen       total 169984K, used 143584K [0x00000000c0000000, 0x00000000ca600000, 0x00000000eab00000)
  object space 169984K, 84% used [0x00000000c0000000,0x00000000c8c38010,0x00000000ca600000)
 Metaspace       used 87926K, committed 89216K, reserved 1179648K
  class space    used 8969K, committed 9472K, reserved 1048576K
GC Heap History (20 events):
Event: 1307,282 GC heap before
{Heap before GC invocations=798 (full 17):
 PSYoungGen      total 14848K, used 14596K [0x00000000eab00000, 0x00000000ebc80000, 0x0000000100000000)
  eden space 12288K, 99% used [0x00000000eab00000,0x00000000eb6fffe8,0x00000000eb700000)
  from space 2560K, 90% used [0x00000000eba00000,0x00000000ebc41210,0x00000000ebc80000)
  to   space 2560K, 0% used [0x00000000eb780000,0x00000000eb780000,0x00000000eba00000)
 ParOldGen       total 169984K, used 140387K [0x00000000c0000000, 0x00000000ca600000, 0x00000000eab00000)
  object space 169984K, 82% used [0x00000000c0000000,0x00000000c8918de0,0x00000000ca600000)
 Metaspace       used 87802K, committed 89024K, reserved 1179648K
  class space    used 8968K, committed 9472K, reserved 1048576K
}
Event: 1307,288 GC heap after
{Heap after GC invocations=798 (full 17):
 PSYoungGen      total 14848K, used 2468K [0x00000000eab00000, 0x00000000ebc00000, 0x0000000100000000)
  eden space 12288K, 0% used [0x00000000eab00000,0x00000000eab00000,0x00000000eb700000)
  from space 2560K, 96% used [0x00000000eb780000,0x00000000eb9e9210,0x00000000eba00000)
  to   space 2048K, 0% used [0x00000000eba00000,0x00000000eba00000,0x00000000ebc00000)
 ParOldGen       total 169984K, used 140387K [0x00000000c0000000, 0x00000000ca600000, 0x00000000eab00000)
  object space 169984K, 82% used [0x00000000c0000000,0x00000000c8918de0,0x00000000ca600000)
 Metaspace       used 87802K, committed 89024K, reserved 1179648K
  class space    used 8968K, committed 9472K, reserved 1048576K
}
Event: 1309,593 GC heap before
{Heap before GC invocations=799 (full 17):
 PSYoungGen      total 14848K, used 14750K [0x00000000eab00000, 0x00000000ebc00000, 0x0000000100000000)
  eden space 12288K, 99% used [0x00000000eab00000,0x00000000eb6fe778,0x00000000eb700000)
  from space 2560K, 96% used [0x00000000eb780000,0x00000000eb9e9210,0x00000000eba00000)
  to   space 2048K, 0% used [0x00000000eba00000,0x00000000eba00000,0x00000000ebc00000)
 ParOldGen       total 169984K, used 140387K [0x00000000c0000000, 0x00000000ca600000, 0x00000000eab00000)
  object space 169984K, 82% used [0x00000000c0000000,0x00000000c8918de0,0x00000000ca600000)
 Metaspace       used 87809K, committed 89024K, reserved 1179648K
  class space    used 8968K, committed 9472K, reserved 1048576K
}
Event: 1309,605 GC heap after
{Heap after GC invocations=799 (full 17):
 PSYoungGen      total 14336K, used 2032K [0x00000000eab00000, 0x00000000ebc00000, 0x0000000100000000)
  eden space 12288K, 0% used [0x00000000eab00000,0x00000000eab00000,0x00000000eb700000)
  from space 2048K, 99% used [0x00000000eba00000,0x00000000ebbfc010,0x00000000ebc00000)
  to   space 2560K, 0% used [0x00000000eb700000,0x00000000eb700000,0x00000000eb980000)
 ParOldGen       total 169984K, used 140555K [0x00000000c0000000, 0x00000000ca600000, 0x00000000eab00000)
  object space 169984K, 82% used [0x00000000c0000000,0x00000000c8942de0,0x00000000ca600000)
 Metaspace       used 87809K, committed 89024K, reserved 1179648K
  class space    used 8968K, committed 9472K, reserved 1048576K
}
Event: 1310,613 GC heap before
{Heap before GC invocations=800 (full 17):
 PSYoungGen      total 14336K, used 14320K [0x00000000eab00000, 0x00000000ebc00000, 0x0000000100000000)
  eden space 12288K, 100% used [0x00000000eab00000,0x00000000eb700000,0x00000000eb700000)
  from space 2048K, 99% used [0x00000000eba00000,0x00000000ebbfc010,0x00000000ebc00000)
  to   space 2560K, 0% used [0x00000000eb700000,0x00000000eb700000,0x00000000eb980000)
 ParOldGen       total 169984K, used 140555K [0x00000000c0000000, 0x00000000ca600000, 0x00000000eab00000)
  object space 169984K, 82% used [0x00000000c0000000,0x00000000c8942de0,0x00000000ca600000)
 Metaspace       used 87809K, committed 89024K, reserved 1179648K
  class space    used 8968K, committed 9472K, reserved 1048576K
}
Event: 1310,620 GC heap after
{Heap after GC invocations=800 (full 17):
 PSYoungGen      total 13312K, used 628K [0x00000000eab00000, 0x00000000eba80000, 0x0000000100000000)
  eden space 12288K, 0% used [0x00000000eab00000,0x00000000eab00000,0x00000000eb700000)
  from space 1024K, 61% used [0x00000000eb700000,0x00000000eb79d200,0x00000000eb800000)
  to   space 1536K, 0% used [0x00000000eb900000,0x00000000eb900000,0x00000000eba80000)
 ParOldGen       total 169984K, used 142555K [0x00000000c0000000, 0x00000000ca600000, 0x00000000eab00000)
  object space 169984K, 83% used [0x00000000c0000000,0x00000000c8b36df0,0x00000000ca600000)
 Metaspace       used 87809K, committed 89024K, reserved 1179648K
  class space    used 8968K, committed 9472K, reserved 1048576K
}
Event: 1314,011 GC heap before
{Heap before GC invocations=801 (full 17):
 PSYoungGen      total 13312K, used 12916K [0x00000000eab00000, 0x00000000eba80000, 0x0000000100000000)
  eden space 12288K, 100% used [0x00000000eab00000,0x00000000eb700000,0x00000000eb700000)
  from space 1024K, 61% used [0x00000000eb700000,0x00000000eb79d200,0x00000000eb800000)
  to   space 1536K, 0% used [0x00000000eb900000,0x00000000eb900000,0x00000000eba80000)
 ParOldGen       total 169984K, used 142555K [0x00000000c0000000, 0x00000000ca600000, 0x00000000eab00000)
  object space 169984K, 83% used [0x00000000c0000000,0x00000000c8b36df0,0x00000000ca600000)
 Metaspace       used 87810K, committed 89024K, reserved 1179648K
  class space    used 8968K, committed 9472K, reserved 1048576K
}
Event: 1314,025 GC heap after
{Heap after GC invocations=801 (full 17):
 PSYoungGen      total 12800K, used 160K [0x00000000eab00000, 0x00000000eb980000, 0x0000000100000000)
  eden space 12288K, 0% used [0x00000000eab00000,0x00000000eab00000,0x00000000eb700000)
  from space 512K, 31% used [0x00000000eb900000,0x00000000eb928000,0x00000000eb980000)
  to   space 512K, 0% used [0x00000000eb880000,0x00000000eb880000,0x00000000eb900000)
 ParOldGen       total 169984K, used 142555K [0x00000000c0000000, 0x00000000ca600000, 0x00000000eab00000)
  object space 169984K, 83% used [0x00000000c0000000,0x00000000c8b36df0,0x00000000ca600000)
 Metaspace       used 87810K, committed 89024K, reserved 1179648K
  class space    used 8968K, committed 9472K, reserved 1048576K
}
Event: 1316,300 GC heap before
{Heap before GC invocations=802 (full 17):
 PSYoungGen      total 12800K, used 12448K [0x00000000eab00000, 0x00000000eb980000, 0x0000000100000000)
  eden space 12288K, 100% used [0x00000000eab00000,0x00000000eb700000,0x00000000eb700000)
  from space 512K, 31% used [0x00000000eb900000,0x00000000eb928000,0x00000000eb980000)
  to   space 512K, 0% used [0x00000000eb880000,0x00000000eb880000,0x00000000eb900000)
 ParOldGen       total 169984K, used 142555K [0x00000000c0000000, 0x00000000ca600000, 0x00000000eab00000)
  object space 169984K, 83% used [0x00000000c0000000,0x00000000c8b36df0,0x00000000ca600000)
 Metaspace       used 87819K, committed 89088K, reserved 1179648K
  class space    used 8968K, committed 9472K, reserved 1048576K
}
Event: 1316,305 GC heap after
{Heap after GC invocations=802 (full 17):
 PSYoungGen      total 12800K, used 420K [0x00000000eab00000, 0x00000000eb980000, 0x0000000100000000)
  eden space 12288K, 0% used [0x00000000eab00000,0x00000000eab00000,0x00000000eb700000)
  from space 512K, 82% used [0x00000000eb880000,0x00000000eb8e9210,0x00000000eb900000)
  to   space 512K, 0% used [0x00000000eb900000,0x00000000eb900000,0x00000000eb980000)
 ParOldGen       total 169984K, used 142555K [0x00000000c0000000, 0x00000000ca600000, 0x00000000eab00000)
  object space 169984K, 83% used [0x00000000c0000000,0x00000000c8b36df0,0x00000000ca600000)
 Metaspace       used 87819K, committed 89088K, reserved 1179648K
  class space    used 8968K, committed 9472K, reserved 1048576K
}
Event: 1318,758 GC heap before
{Heap before GC invocations=803 (full 17):
 PSYoungGen      total 12800K, used 12708K [0x00000000eab00000, 0x00000000eb980000, 0x0000000100000000)
  eden space 12288K, 100% used [0x00000000eab00000,0x00000000eb700000,0x00000000eb700000)
  from space 512K, 82% used [0x00000000eb880000,0x00000000eb8e9210,0x00000000eb900000)
  to   space 512K, 0% used [0x00000000eb900000,0x00000000eb900000,0x00000000eb980000)
 ParOldGen       total 169984K, used 142555K [0x00000000c0000000, 0x00000000ca600000, 0x00000000eab00000)
  object space 169984K, 83% used [0x00000000c0000000,0x00000000c8b36df0,0x00000000ca600000)
 Metaspace       used 87831K, committed 89088K, reserved 1179648K
  class space    used 8968K, committed 9472K, reserved 1048576K
}
Event: 1318,765 GC heap after
{Heap after GC invocations=803 (full 17):
 PSYoungGen      total 12800K, used 282K [0x00000000eab00000, 0x00000000eb980000, 0x0000000100000000)
  eden space 12288K, 0% used [0x00000000eab00000,0x00000000eab00000,0x00000000eb700000)
  from space 512K, 55% used [0x00000000eb900000,0x00000000eb946900,0x00000000eb980000)
  to   space 512K, 0% used [0x00000000eb880000,0x00000000eb880000,0x00000000eb900000)
 ParOldGen       total 169984K, used 142555K [0x00000000c0000000, 0x00000000ca600000, 0x00000000eab00000)
  object space 169984K, 83% used [0x00000000c0000000,0x00000000c8b36df0,0x00000000ca600000)
 Metaspace       used 87831K, committed 89088K, reserved 1179648K
  class space    used 8968K, committed 9472K, reserved 1048576K
}
Event: 1322,250 GC heap before
{Heap before GC invocations=804 (full 17):
 PSYoungGen      total 12800K, used 12563K [0x00000000eab00000, 0x00000000eb980000, 0x0000000100000000)
  eden space 12288K, 99% used [0x00000000eab00000,0x00000000eb6fe628,0x00000000eb700000)
  from space 512K, 55% used [0x00000000eb900000,0x00000000eb946900,0x00000000eb980000)
  to   space 512K, 0% used [0x00000000eb880000,0x00000000eb880000,0x00000000eb900000)
 ParOldGen       total 169984K, used 142555K [0x00000000c0000000, 0x00000000ca600000, 0x00000000eab00000)
  object space 169984K, 83% used [0x00000000c0000000,0x00000000c8b36df0,0x00000000ca600000)
 Metaspace       used 87842K, committed 89088K, reserved 1179648K
  class space    used 8968K, committed 9472K, reserved 1048576K
}
Event: 1322,254 GC heap after
{Heap after GC invocations=804 (full 17):
 PSYoungGen      total 12800K, used 96K [0x00000000eab00000, 0x00000000eb980000, 0x0000000100000000)
  eden space 12288K, 0% used [0x00000000eab00000,0x00000000eab00000,0x00000000eb700000)
  from space 512K, 18% used [0x00000000eb880000,0x00000000eb898000,0x00000000eb900000)
  to   space 512K, 0% used [0x00000000eb900000,0x00000000eb900000,0x00000000eb980000)
 ParOldGen       total 169984K, used 142555K [0x00000000c0000000, 0x00000000ca600000, 0x00000000eab00000)
  object space 169984K, 83% used [0x00000000c0000000,0x00000000c8b36df0,0x00000000ca600000)
 Metaspace       used 87842K, committed 89088K, reserved 1179648K
  class space    used 8968K, committed 9472K, reserved 1048576K
}
Event: 1324,741 GC heap before
{Heap before GC invocations=805 (full 17):
 PSYoungGen      total 12800K, used 12384K [0x00000000eab00000, 0x00000000eb980000, 0x0000000100000000)
  eden space 12288K, 100% used [0x00000000eab00000,0x00000000eb700000,0x00000000eb700000)
  from space 512K, 18% used [0x00000000eb880000,0x00000000eb898000,0x00000000eb900000)
  to   space 512K, 0% used [0x00000000eb900000,0x00000000eb900000,0x00000000eb980000)
 ParOldGen       total 169984K, used 142555K [0x00000000c0000000, 0x00000000ca600000, 0x00000000eab00000)
  object space 169984K, 83% used [0x00000000c0000000,0x00000000c8b36df0,0x00000000ca600000)
 Metaspace       used 87857K, committed 89088K, reserved 1179648K
  class space    used 8968K, committed 9472K, reserved 1048576K
}
Event: 1324,745 GC heap after
{Heap after GC invocations=805 (full 17):
 PSYoungGen      total 12800K, used 506K [0x00000000eab00000, 0x00000000eb980000, 0x0000000100000000)
  eden space 12288K, 0% used [0x00000000eab00000,0x00000000eab00000,0x00000000eb700000)
  from space 512K, 98% used [0x00000000eb900000,0x00000000eb97e900,0x00000000eb980000)
  to   space 1024K, 0% used [0x00000000eb780000,0x00000000eb780000,0x00000000eb880000)
 ParOldGen       total 169984K, used 142635K [0x00000000c0000000, 0x00000000ca600000, 0x00000000eab00000)
  object space 169984K, 83% used [0x00000000c0000000,0x00000000c8b4adf0,0x00000000ca600000)
 Metaspace       used 87857K, committed 89088K, reserved 1179648K
  class space    used 8968K, committed 9472K, reserved 1048576K
}
Event: 1325,307 GC heap before
{Heap before GC invocations=806 (full 17):
 PSYoungGen      total 12800K, used 12721K [0x00000000eab00000, 0x00000000eb980000, 0x0000000100000000)
  eden space 12288K, 99% used [0x00000000eab00000,0x00000000eb6ede98,0x00000000eb700000)
  from space 512K, 98% used [0x00000000eb900000,0x00000000eb97e900,0x00000000eb980000)
  to   space 1024K, 0% used [0x00000000eb780000,0x00000000eb780000,0x00000000eb880000)
 ParOldGen       total 169984K, used 142635K [0x00000000c0000000, 0x00000000ca600000, 0x00000000eab00000)
  object space 169984K, 83% used [0x00000000c0000000,0x00000000c8b4adf0,0x00000000ca600000)
 Metaspace       used 87866K, committed 89152K, reserved 1179648K
  class space    used 8968K, committed 9472K, reserved 1048576K
}
Event: 1325,312 GC heap after
{Heap after GC invocations=806 (full 17):
 PSYoungGen      total 13312K, used 1012K [0x00000000eab00000, 0x00000000ebc00000, 0x0000000100000000)
  eden space 12288K, 0% used [0x00000000eab00000,0x00000000eab00000,0x00000000eb700000)
  from space 1024K, 98% used [0x00000000eb780000,0x00000000eb87d200,0x00000000eb880000)
  to   space 2560K, 0% used [0x00000000eb980000,0x00000000eb980000,0x00000000ebc00000)
 ParOldGen       total 169984K, used 143568K [0x00000000c0000000, 0x00000000ca600000, 0x00000000eab00000)
  object space 169984K, 84% used [0x00000000c0000000,0x00000000c8c34010,0x00000000ca600000)
 Metaspace       used 87866K, committed 89152K, reserved 1179648K
  class space    used 8968K, committed 9472K, reserved 1048576K
}
Event: 1326,685 GC heap before
{Heap before GC invocations=807 (full 17):
 PSYoungGen      total 13312K, used 13300K [0x00000000eab00000, 0x00000000ebc00000, 0x0000000100000000)
  eden space 12288K, 100% used [0x00000000eab00000,0x00000000eb700000,0x00000000eb700000)
  from space 1024K, 98% used [0x00000000eb780000,0x00000000eb87d200,0x00000000eb880000)
  to   space 2560K, 0% used [0x00000000eb980000,0x00000000eb980000,0x00000000ebc00000)
 ParOldGen       total 169984K, used 143568K [0x00000000c0000000, 0x00000000ca600000, 0x00000000eab00000)
  object space 169984K, 84% used [0x00000000c0000000,0x00000000c8c34010,0x00000000ca600000)
 Metaspace       used 87886K, committed 89152K, reserved 1179648K
  class space    used 8968K, committed 9472K, reserved 1048576K
}
Event: 1326,693 GC heap after
{Heap after GC invocations=807 (full 17):
 PSYoungGen      total 13824K, used 1433K [0x00000000eab00000, 0x00000000ebb00000, 0x0000000100000000)
  eden space 12288K, 0% used [0x00000000eab00000,0x00000000eab00000,0x00000000eb700000)
  from space 1536K, 93% used [0x00000000eb980000,0x00000000ebae6410,0x00000000ebb00000)
  to   space 2048K, 0% used [0x00000000eb700000,0x00000000eb700000,0x00000000eb900000)
 ParOldGen       total 169984K, used 143584K [0x00000000c0000000, 0x00000000ca600000, 0x00000000eab00000)
  object space 169984K, 84% used [0x00000000c0000000,0x00000000c8c38010,0x00000000ca600000)
 Metaspace       used 87886K, committed 89152K, reserved 1179648K
  class space    used 8968K, committed 9472K, reserved 1048576K
}

